<?xml version="1.0" encoding="UTF-8"?>
<testsuite name="ru.stqa.pft.addressbook.tests.AddContactTest" tests="1" skipped="0" failures="0" errors="0" timestamp="2020-01-01T06:45:36" hostname="DEVT58010" time="4.724">
  <properties/>
  <testcase name="testAddContact[0](ContactData{id=2147483647, name='Name 1', lastName='LastName 1'})" classname="ru.stqa.pft.addressbook.tests.AddContactTest" time="4.724"/>
  <system-out><![CDATA[]]></system-out>
  <system-err><![CDATA[]]></system-err>
</testsuite>
