<?xml version="1.0" encoding="UTF-8"?>
<testsuite name="ru.stqa.pft.addressbook.tests.DeleteGroupTest" tests="1" skipped="0" failures="0" errors="0" timestamp="2020-01-01T06:45:19" hostname="DEVT58010" time="0.958">
  <properties/>
  <testcase name="testDeleteGroup" classname="ru.stqa.pft.addressbook.tests.DeleteGroupTest" time="0.958"/>
  <system-out><![CDATA[]]></system-out>
  <system-err><![CDATA[]]></system-err>
</testsuite>
