<?xml version="1.0" encoding="UTF-8"?>
<testsuite name="ru.stqa.pft.addressbook.tests.ModifyGroupTest" tests="1" skipped="0" failures="0" errors="0" timestamp="2020-01-01T06:45:17" hostname="DEVT58010" time="1.619">
  <properties/>
  <testcase name="testModifyGroup" classname="ru.stqa.pft.addressbook.tests.ModifyGroupTest" time="1.619"/>
  <system-out><![CDATA[]]></system-out>
  <system-err><![CDATA[]]></system-err>
</testsuite>
