<?xml version="1.0" encoding="UTF-8"?>
<testsuite name="ru.stqa.pft.addressbook.tests.AddGroupTest" tests="1" skipped="0" failures="0" errors="0" timestamp="2020-01-01T06:45:14" hostname="DEVT58010" time="2.474">
  <properties/>
  <testcase name="testAddGroup[0](GroupData{id='2147483647', name='group 1'})" classname="ru.stqa.pft.addressbook.tests.AddGroupTest" time="2.474"/>
  <system-out><![CDATA[]]></system-out>
  <system-err><![CDATA[]]></system-err>
</testsuite>
